<?xml version="1.0" encoding="UTF-8"?>
<testsuite name="com.fca.uconnect.global.PublishChargeNowRequestTest" tests="1" skipped="0" failures="0" errors="0" timestamp="2020-06-17T16:12:57" hostname="CITMN5CG81002XZ" time="0.018">
  <properties/>
  <testcase name="isChargeNowRequestMessageValid" classname="com.fca.uconnect.global.PublishChargeNowRequestTest" time="0.018"/>
  <system-out><![CDATA[Response Passes Because there non zero timestamp:  1579146455
Response Passes Because there non zero timestamp:  1579146455
Response was not defaulted to:  UNRECOGNIZED
]]></system-out>
  <system-err><![CDATA[]]></system-err>
</testsuite>
