<?xml version="1.0" encoding="UTF-8"?>
<testsuite name="com.fca.uconnect.global.PublishKeepAliveMessageTest" tests="1" skipped="0" failures="0" errors="0" timestamp="2020-06-17T16:12:57" hostname="CITMN5CG81002XZ" time="0.005">
  <properties/>
  <testcase name="isAckMessageValid" classname="com.fca.uconnect.global.PublishKeepAliveMessageTest" time="0.005"/>
  <system-out><![CDATA[Response Passes Because there non zero timestamp:  123445678
Response was not defaulted to:  UNRECOGNIZED
]]></system-out>
  <system-err><![CDATA[]]></system-err>
</testsuite>
